  [1m[35m (2.2ms)[0m  [1m[35mCREATE TABLE "schema_migrations" ("version" varchar NOT NULL PRIMARY KEY)[0m
  [1m[35m (0.1ms)[0m  [1m[35mCREATE TABLE "ar_internal_metadata" ("key" varchar NOT NULL PRIMARY KEY, "value" varchar, "created_at" datetime(6) NOT NULL, "updated_at" datetime(6) NOT NULL)[0m
  [1m[36mActiveRecord::InternalMetadata Load (0.7ms)[0m  [1m[34mSELECT * FROM "ar_internal_metadata" WHERE "ar_internal_metadata"."key" = ? ORDER BY "ar_internal_metadata"."key" ASC LIMIT 1[0m  [[nil, "environment"]]
  [1m[36mActiveRecord::InternalMetadata Create (1.3ms)[0m  [1m[32mINSERT INTO "ar_internal_metadata" ("key", "value", "created_at", "updated_at") VALUES ('environment', 'development', '2024-03-26 19:03:33.324432', '2024-03-26 19:03:33.324435') RETURNING "key"[0m
  [1m[36mActiveRecord::SchemaMigration Load (0.0ms)[0m  [1m[34mSELECT "schema_migrations"."version" FROM "schema_migrations" ORDER BY "schema_migrations"."version" ASC[0m
Migrating to CreateTradelines (20231113043029)
  [1m[36mTRANSACTION (0.2ms)[0m  [1m[36mbegin transaction[0m
  [1m[35m (0.7ms)[0m  [1m[35mCREATE TABLE "tradelines" ("id" integer PRIMARY KEY AUTOINCREMENT NOT NULL, "name" varchar NOT NULL, "amount" decimal(8,2), "created_at" datetime(6) NOT NULL, "updated_at" datetime(6) NOT NULL)[0m
  [1m[36mActiveRecord::SchemaMigration Create (0.1ms)[0m  [1m[32mINSERT INTO "schema_migrations" ("version") VALUES ('20231113043029') RETURNING "version"[0m
  [1m[36mTRANSACTION (0.1ms)[0m  [1m[36mcommit transaction[0m
  [1m[36mActiveRecord::SchemaMigration Load (0.1ms)[0m  [1m[34mSELECT "schema_migrations"."version" FROM "schema_migrations" ORDER BY "schema_migrations"."version" ASC[0m
  [1m[36mTRANSACTION (0.2ms)[0m  [1m[36mbegin transaction[0m
  [1m[36mTradeline Create (2.6ms)[0m  [1m[32mINSERT INTO "tradelines" ("name", "amount", "created_at", "updated_at") VALUES (?, ?, ?, ?) RETURNING "id"[0m  [["name", "Credit Card"], ["amount", 1000.0], ["created_at", "2024-03-26 19:06:36.151926"], ["updated_at", "2024-03-26 19:06:36.151926"]]
  [1m[36mTRANSACTION (0.1ms)[0m  [1m[36mcommit transaction[0m
Started GET "/tradelines" for ::1 at 2024-03-26 14:07:27 -0500
  [1m[36mActiveRecord::SchemaMigration Load (0.3ms)[0m  [1m[34mSELECT "schema_migrations"."version" FROM "schema_migrations" ORDER BY "schema_migrations"."version" ASC[0m
Processing by TradelinesController#index as */*
  [1m[36mTradeline Load (0.2ms)[0m  [1m[34mSELECT "tradelines".* FROM "tradelines"[0m
  ↳ app/controllers/tradelines_controller.rb:5:in `index'
Completed 200 OK in 25ms (Views: 11.7ms | ActiveRecord: 1.8ms | Allocations: 16839)


  [1m[36mTRANSACTION (0.2ms)[0m  [1m[36mbegin transaction[0m
  [1m[36mTradeline Create (3.1ms)[0m  [1m[32mINSERT INTO "tradelines" ("name", "amount", "created_at", "updated_at") VALUES (?, ?, ?, ?) RETURNING "id"[0m  [["name", "Car Loan"], ["amount", 15000.0], ["created_at", "2024-03-26 19:08:23.394090"], ["updated_at", "2024-03-26 19:08:23.394090"]]
  [1m[36mTRANSACTION (0.5ms)[0m  [1m[36mcommit transaction[0m
Started GET "/tradelines" for ::1 at 2024-03-26 14:08:34 -0500
Processing by TradelinesController#index as */*
  [1m[36mTradeline Load (0.5ms)[0m  [1m[34mSELECT "tradelines".* FROM "tradelines"[0m
  ↳ app/controllers/tradelines_controller.rb:5:in `index'
Completed 200 OK in 5ms (Views: 3.9ms | ActiveRecord: 0.5ms | Allocations: 664)


Started GET "/tradelines/1" for ::1 at 2024-03-26 14:13:28 -0500
Processing by TradelinesController#show as */*
  Parameters: {"id"=>"1"}
  [1m[36mTradeline Load (5.1ms)[0m  [1m[34mSELECT "tradelines".* FROM "tradelines" WHERE "tradelines"."id" = ? LIMIT ?[0m  [["id", 1], ["LIMIT", 1]]
  ↳ app/controllers/tradelines_controller.rb:9:in `show'
Completed 200 OK in 23ms (Views: 2.7ms | ActiveRecord: 5.1ms | Allocations: 2490)


Started GET "/tradelines/2" for ::1 at 2024-03-26 14:13:30 -0500
Processing by TradelinesController#show as */*
  Parameters: {"id"=>"2"}
  [1m[36mTradeline Load (0.1ms)[0m  [1m[34mSELECT "tradelines".* FROM "tradelines" WHERE "tradelines"."id" = ? LIMIT ?[0m  [["id", 2], ["LIMIT", 1]]
  ↳ app/controllers/tradelines_controller.rb:9:in `show'
Completed 200 OK in 2ms (Views: 0.4ms | ActiveRecord: 0.1ms | Allocations: 444)


  [1m[36mActiveRecord::InternalMetadata Load (0.8ms)[0m  [1m[34mSELECT * FROM "ar_internal_metadata" WHERE "ar_internal_metadata"."key" = ? ORDER BY "ar_internal_metadata"."key" ASC LIMIT 1[0m  [[nil, "environment"]]
  [1m[36mActiveRecord::SchemaMigration Load (0.0ms)[0m  [1m[34mSELECT "schema_migrations"."version" FROM "schema_migrations" ORDER BY "schema_migrations"."version" ASC[0m
Migrating to CreateDeposits (20240326191843)
  [1m[36mTRANSACTION (0.2ms)[0m  [1m[36mbegin transaction[0m
  [1m[35m (2.1ms)[0m  [1m[35mCREATE TABLE "deposits" ("id" integer PRIMARY KEY AUTOINCREMENT NOT NULL, "tradeline_id" integer NOT NULL, "amount" decimal, "date" date, "created_at" datetime(6) NOT NULL, "updated_at" datetime(6) NOT NULL, CONSTRAINT "fk_rails_e1324bae87"
FOREIGN KEY ("tradeline_id")
  REFERENCES "tradelines" ("id")
)[0m
  [1m[35m (0.2ms)[0m  [1m[35mCREATE INDEX "index_deposits_on_tradeline_id" ON "deposits" ("tradeline_id")[0m
  [1m[36mActiveRecord::SchemaMigration Create (1.3ms)[0m  [1m[32mINSERT INTO "schema_migrations" ("version") VALUES ('20240326191843') RETURNING "version"[0m
  [1m[36mTRANSACTION (0.4ms)[0m  [1m[36mcommit transaction[0m
  [1m[36mActiveRecord::SchemaMigration Load (0.0ms)[0m  [1m[34mSELECT "schema_migrations"."version" FROM "schema_migrations" ORDER BY "schema_migrations"."version" ASC[0m
